Claydol Claydol из команды белых вступает в бой!
Magneton Magneton из команды желтых вступает в бой!
Magneton Magneton использует Aeroblast. 
Claydol Claydol теряет 19 здоровья.
Claydol Claydol теряет сознание.
Electabuzz Electabuzz из команды белых вступает в бой!
Electabuzz Electabuzz использует ThunderShock . 
Magneton Magneton теряет 3 здоровья.

Magneton Magneton использует Aeroblast. 
Electabuzz Electabuzz теряет 10 здоровья.

Electabuzz Electabuzz использует Aeroblast. 
Magneton Magneton теряет 11 здоровья.

Magneton Magneton использует Scratch. 
Electabuzz Electabuzz теряет 5 здоровья.
Electabuzz Electabuzz теряет сознание.
Magnemite Magnemite из команды белых вступает в бой!
Magneton Magneton использует Aeroblast. 
Критический удар!
Magnemite Magnemite теряет 22 здоровья.
Magnemite Magnemite теряет сознание.
В команде белых не осталось покемонов.
Команда желтых побеждает в этом бою!
